{"numTotalTestSuites":2,"numPassedTestSuites":0,"numFailedTestSuites":2,"numPendingTestSuites":0,"numTotalTests":6,"numPassedTests":5,"numFailedTests":1,"numPendingTests":0,"numTodoTests":0,"snapshot":{"added":0,"failure":false,"filesAdded":0,"filesRemoved":0,"filesRemovedList":[],"filesUnmatched":0,"filesUpdated":0,"matched":0,"total":0,"unchecked":0,"uncheckedKeysByFile":[],"unmatched":0,"updated":0,"didUpdate":false},"startTime":1787646545470,"success":false,"testResults":[{"assertionResults":[{"ancestorTitles":["AiResponseError (P8-C)"],"fullName":"AiResponseError (P8-C) is a plain Error with a readable message","status":"passed","title":"is a plain Error with a readable message","duration":7.319899999999961,"failureMessages":[],"meta":{},"tags":[]},{"ancestorTitles":["AiResponseError (P8-C)"],"fullName":"AiResponseError (P8-C) flags budget-limit errors so the client branches on it","status":"passed","title":"flags budget-limit errors so the client branches on it","duration":0.3974999999999227,"failureMessages":[],"meta":{},"tags":[]},{"ancestorTitles":["AiResponseError (P8-C)"],"fullName":"AiResponseError (P8-C) actions/respond maps a budget_limit AIError into a flagged AiResponseError","status":"passed","title":"actions/respond maps a budget_limit AIError into a flagged AiResponseError","duration":1.6299000000000206,"failureMessages":[],"meta":{},"tags":[]},{"ancestorTitles":["AiResponseError (P8-C)"],"fullName":"AiResponseError (P8-C) friendly-errors classifies the action's source error as budget","status":"passed","title":"friendly-errors classifies the action's source error as budget","duration":0.4995999999999867,"failureMessages":[],"meta":{},"tags":[]},{"ancestorTitles":["AiResponseError (P8-C)"],"fullName":"AiResponseError (P8-C) interview chat invokes the manual finish server action before generating feedback","status":"passed","title":"interview chat invokes the manual finish server action before generating feedback","duration":0.8997000000000526,"failureMessages":[],"meta":{},"tags":[]},{"ancestorTitles":["AiResponseError (P8-C)"],"fullName":"AiResponseError (P8-C) resume analyzer retries transient ATS analysis failures","status":"failed","title":"resume analyzer retries transient ATS analysis failures","duration":21.95119999999997,"failureMessages":["AssertionError: expected '\"use client\";\\n\\nimport { useCallback…' to contain 'retry'\n    at C:/Users/skku/Downloads/AI Interviewr Stumilator/actions/respond.test.ts:45:17\n    at processTicksAndRejections (node:internal/process/task_queues:104:5)\n    at file:///C:/Users/skku/Downloads/AI%20Interviewr%20Stumilator/node_modules/@vitest/runner/dist/chunk-artifact.js:1903:20"],"meta":{},"tags":[]}],"startTime":1787646546289,"endTime":1787646546321.9512,"status":"failed","message":"","name":"C:/Users/skku/Downloads/AI Interviewr Stumilator/actions/respond.test.ts"}]}